{"/Users/xuyucheng/Code/gengarneko/tree/src/bfs-traverse.ts": {"path":"/Users/xuyucheng/Code/gengarneko/tree/src/bfs-traverse.ts","all":false,"statementMap":{"0":{"start":{"line":1,"column":0},"end":{"line":1,"column":45}},"1":{"start":{"line":2,"column":0},"end":{"line":2,"column":0}},"2":{"start":{"line":3,"column":0},"end":{"line":3,"column":118}},"3":{"start":{"line":4,"column":0},"end":{"line":4,"column":29}},"4":{"start":{"line":5,"column":0},"end":{"line":5,"column":46}},"5":{"start":{"line":6,"column":0},"end":{"line":6,"column":3}},"6":{"start":{"line":7,"column":0},"end":{"line":7,"column":0}},"7":{"start":{"line":8,"column":0},"end":{"line":8,"column":11}},"8":{"start":{"line":9,"column":0},"end":{"line":9,"column":31}},"9":{"start":{"line":10,"column":0},"end":{"line":10,"column":31}},"10":{"start":{"line":11,"column":0},"end":{"line":11,"column":0}},"11":{"start":{"line":12,"column":0},"end":{"line":12,"column":33}},"12":{"start":{"line":13,"column":0},"end":{"line":13,"column":15}},"13":{"start":{"line":14,"column":0},"end":{"line":14,"column":49}},"14":{"start":{"line":15,"column":0},"end":{"line":15,"column":3}},"15":{"start":{"line":16,"column":0},"end":{"line":16,"column":0}},"16":{"start":{"line":17,"column":0},"end":{"line":17,"column":20}},"17":{"start":{"line":18,"column":0},"end":{"line":18,"column":2}}},"s":{"0":1,"1":1,"2":1,"3":6,"4":4,"5":4,"6":4,"7":6,"8":2,"9":2,"10":2,"11":2,"12":13,"13":13,"14":13,"15":13,"16":6,"17":6},"branchMap":{"0":{"type":"branch","line":3,"loc":{"start":{"line":3,"column":117},"end":{"line":18,"column":2}},"locations":[{"start":{"line":3,"column":117},"end":{"line":18,"column":2}}]},"1":{"type":"branch","line":4,"loc":{"start":{"line":4,"column":28},"end":{"line":8,"column":6}},"locations":[{"start":{"line":4,"column":28},"end":{"line":8,"column":6}}]},"2":{"type":"branch","line":8,"loc":{"start":{"line":8,"column":2},"end":{"line":12,"column":33}},"locations":[{"start":{"line":8,"column":2},"end":{"line":12,"column":33}}]},"3":{"type":"branch","line":12,"loc":{"start":{"line":12,"column":32},"end":{"line":17,"column":9}},"locations":[{"start":{"line":12,"column":32},"end":{"line":17,"column":9}}]},"4":{"type":"branch","line":13,"loc":{"start":{"line":13,"column":4},"end":{"line":13,"column":15}},"locations":[{"start":{"line":13,"column":4},"end":{"line":13,"column":15}}]},"5":{"type":"branch","line":14,"loc":{"start":{"line":14,"column":9},"end":{"line":14,"column":49}},"locations":[{"start":{"line":14,"column":9},"end":{"line":14,"column":49}}]},"6":{"type":"branch","line":17,"loc":{"start":{"line":17,"column":2},"end":{"line":18,"column":2}},"locations":[{"start":{"line":17,"column":2},"end":{"line":18,"column":2}}]},"7":{"type":"branch","line":18,"loc":{"start":{"line":18,"column":0},"end":{"line":18,"column":2}},"locations":[{"start":{"line":18,"column":0},"end":{"line":18,"column":2}}]}},"b":{"0":[6],"1":[4],"2":[2],"3":[13],"4":[0],"5":[3],"6":[2],"7":[6]},"fnMap":{"0":{"name":"bfsTraverse","decl":{"start":{"line":3,"column":117},"end":{"line":18,"column":2}},"loc":{"start":{"line":3,"column":117},"end":{"line":18,"column":2}},"line":3},"1":{"name":"get","decl":{"start":{"line":18,"column":0},"end":{"line":18,"column":2}},"loc":{"start":{"line":18,"column":0},"end":{"line":18,"column":2}},"line":18}},"f":{"0":6,"1":6}}
,"/Users/xuyucheng/Code/gengarneko/tree/src/dfs-traverse-with-recursive.ts": {"path":"/Users/xuyucheng/Code/gengarneko/tree/src/dfs-traverse-with-recursive.ts","all":false,"statementMap":{"0":{"start":{"line":1,"column":0},"end":{"line":1,"column":45}},"1":{"start":{"line":2,"column":0},"end":{"line":2,"column":0}},"2":{"start":{"line":3,"column":0},"end":{"line":3,"column":57}},"3":{"start":{"line":4,"column":0},"end":{"line":4,"column":30}},"4":{"start":{"line":5,"column":0},"end":{"line":5,"column":42}},"5":{"start":{"line":6,"column":0},"end":{"line":6,"column":6}},"6":{"start":{"line":7,"column":0},"end":{"line":7,"column":29}},"7":{"start":{"line":8,"column":0},"end":{"line":8,"column":46}},"8":{"start":{"line":9,"column":0},"end":{"line":9,"column":3}},"9":{"start":{"line":10,"column":0},"end":{"line":10,"column":0}},"10":{"start":{"line":11,"column":0},"end":{"line":11,"column":29}},"11":{"start":{"line":12,"column":0},"end":{"line":12,"column":41}},"12":{"start":{"line":13,"column":0},"end":{"line":13,"column":0}},"13":{"start":{"line":14,"column":0},"end":{"line":14,"column":32}},"14":{"start":{"line":15,"column":0},"end":{"line":15,"column":50}},"15":{"start":{"line":16,"column":0},"end":{"line":16,"column":5}},"16":{"start":{"line":17,"column":0},"end":{"line":17,"column":0}},"17":{"start":{"line":18,"column":0},"end":{"line":18,"column":19}},"18":{"start":{"line":19,"column":0},"end":{"line":19,"column":5}},"19":{"start":{"line":20,"column":0},"end":{"line":20,"column":2}}},"s":{"0":1,"1":1,"2":1,"3":1,"4":1,"5":1,"6":9,"7":4,"8":4,"9":4,"10":9,"11":13,"12":13,"13":13,"14":3,"15":3,"16":3,"17":13,"18":13,"19":6},"branchMap":{"0":{"type":"branch","line":6,"loc":{"start":{"line":6,"column":5},"end":{"line":20,"column":2}},"locations":[{"start":{"line":6,"column":5},"end":{"line":20,"column":2}}]},"1":{"type":"branch","line":7,"loc":{"start":{"line":7,"column":28},"end":{"line":11,"column":9}},"locations":[{"start":{"line":7,"column":28},"end":{"line":11,"column":9}}]},"2":{"type":"branch","line":11,"loc":{"start":{"line":11,"column":2},"end":{"line":20,"column":2}},"locations":[{"start":{"line":11,"column":2},"end":{"line":20,"column":2}}]},"3":{"type":"branch","line":11,"loc":{"start":{"line":11,"column":19},"end":{"line":19,"column":5}},"locations":[{"start":{"line":11,"column":19},"end":{"line":19,"column":5}}]},"4":{"type":"branch","line":12,"loc":{"start":{"line":12,"column":20},"end":{"line":12,"column":36}},"locations":[{"start":{"line":12,"column":20},"end":{"line":12,"column":36}}]},"5":{"type":"branch","line":14,"loc":{"start":{"line":14,"column":13},"end":{"line":14,"column":31}},"locations":[{"start":{"line":14,"column":13},"end":{"line":14,"column":31}}]},"6":{"type":"branch","line":14,"loc":{"start":{"line":14,"column":31},"end":{"line":18,"column":11}},"locations":[{"start":{"line":14,"column":31},"end":{"line":18,"column":11}}]},"7":{"type":"branch","line":20,"loc":{"start":{"line":20,"column":0},"end":{"line":20,"column":2}},"locations":[{"start":{"line":20,"column":0},"end":{"line":20,"column":2}}]}},"b":{"0":[9],"1":[4],"2":[5],"3":[13],"4":[0],"5":[3],"6":[3],"7":[6]},"fnMap":{"0":{"name":"dfsTraverseWithRecursive","decl":{"start":{"line":6,"column":5},"end":{"line":20,"column":2}},"loc":{"start":{"line":6,"column":5},"end":{"line":20,"column":2}},"line":6},"1":{"name":"get","decl":{"start":{"line":20,"column":0},"end":{"line":20,"column":2}},"loc":{"start":{"line":20,"column":0},"end":{"line":20,"column":2}},"line":20}},"f":{"0":9,"1":6}}
,"/Users/xuyucheng/Code/gengarneko/tree/src/dfs-traverse.ts": {"path":"/Users/xuyucheng/Code/gengarneko/tree/src/dfs-traverse.ts","all":false,"statementMap":{"0":{"start":{"line":1,"column":0},"end":{"line":1,"column":45}},"1":{"start":{"line":2,"column":0},"end":{"line":2,"column":0}},"2":{"start":{"line":3,"column":0},"end":{"line":3,"column":118}},"3":{"start":{"line":4,"column":0},"end":{"line":4,"column":29}},"4":{"start":{"line":5,"column":0},"end":{"line":5,"column":46}},"5":{"start":{"line":6,"column":0},"end":{"line":6,"column":3}},"6":{"start":{"line":7,"column":0},"end":{"line":7,"column":0}},"7":{"start":{"line":8,"column":0},"end":{"line":8,"column":11}},"8":{"start":{"line":9,"column":0},"end":{"line":9,"column":31}},"9":{"start":{"line":10,"column":0},"end":{"line":10,"column":31}},"10":{"start":{"line":11,"column":0},"end":{"line":11,"column":0}},"11":{"start":{"line":12,"column":0},"end":{"line":12,"column":33}},"12":{"start":{"line":13,"column":0},"end":{"line":13,"column":15}},"13":{"start":{"line":14,"column":0},"end":{"line":14,"column":52}},"14":{"start":{"line":15,"column":0},"end":{"line":15,"column":3}},"15":{"start":{"line":16,"column":0},"end":{"line":16,"column":0}},"16":{"start":{"line":17,"column":0},"end":{"line":17,"column":20}},"17":{"start":{"line":18,"column":0},"end":{"line":18,"column":2}}},"s":{"0":1,"1":1,"2":1,"3":6,"4":4,"5":4,"6":4,"7":6,"8":2,"9":2,"10":2,"11":2,"12":13,"13":13,"14":13,"15":13,"16":6,"17":6},"branchMap":{"0":{"type":"branch","line":3,"loc":{"start":{"line":3,"column":117},"end":{"line":18,"column":2}},"locations":[{"start":{"line":3,"column":117},"end":{"line":18,"column":2}}]},"1":{"type":"branch","line":4,"loc":{"start":{"line":4,"column":28},"end":{"line":8,"column":6}},"locations":[{"start":{"line":4,"column":28},"end":{"line":8,"column":6}}]},"2":{"type":"branch","line":8,"loc":{"start":{"line":8,"column":2},"end":{"line":12,"column":33}},"locations":[{"start":{"line":8,"column":2},"end":{"line":12,"column":33}}]},"3":{"type":"branch","line":12,"loc":{"start":{"line":12,"column":32},"end":{"line":17,"column":9}},"locations":[{"start":{"line":12,"column":32},"end":{"line":17,"column":9}}]},"4":{"type":"branch","line":13,"loc":{"start":{"line":13,"column":4},"end":{"line":13,"column":15}},"locations":[{"start":{"line":13,"column":4},"end":{"line":13,"column":15}}]},"5":{"type":"branch","line":14,"loc":{"start":{"line":14,"column":9},"end":{"line":14,"column":52}},"locations":[{"start":{"line":14,"column":9},"end":{"line":14,"column":52}}]},"6":{"type":"branch","line":17,"loc":{"start":{"line":17,"column":2},"end":{"line":18,"column":2}},"locations":[{"start":{"line":17,"column":2},"end":{"line":18,"column":2}}]},"7":{"type":"branch","line":18,"loc":{"start":{"line":18,"column":0},"end":{"line":18,"column":2}},"locations":[{"start":{"line":18,"column":0},"end":{"line":18,"column":2}}]}},"b":{"0":[6],"1":[4],"2":[2],"3":[13],"4":[0],"5":[3],"6":[2],"7":[6]},"fnMap":{"0":{"name":"dfsTraverse","decl":{"start":{"line":3,"column":117},"end":{"line":18,"column":2}},"loc":{"start":{"line":3,"column":117},"end":{"line":18,"column":2}},"line":3},"1":{"name":"get","decl":{"start":{"line":18,"column":0},"end":{"line":18,"column":2}},"loc":{"start":{"line":18,"column":0},"end":{"line":18,"column":2}},"line":18}},"f":{"0":6,"1":6}}
,"/Users/xuyucheng/Code/gengarneko/tree/src/index.ts": {"path":"/Users/xuyucheng/Code/gengarneko/tree/src/index.ts","all":false,"statementMap":{"0":{"start":{"line":1,"column":0},"end":{"line":1,"column":31}},"1":{"start":{"line":2,"column":0},"end":{"line":2,"column":46}},"2":{"start":{"line":3,"column":0},"end":{"line":3,"column":31}}},"s":{"0":1,"1":1,"2":1},"branchMap":{},"b":{},"fnMap":{},"f":{}}
}
